LOG: 2024/11/21 13:43:35 request.go:251: This is a log message.
LOG: 2024/11/21 13:45:29 request.go:251: This is a log message.
LOG: 2024/11/21 13:45:29 main.go:15: 执行main.go
LOG: 2024/11/21 13:45:58 request.go:251: This is a log message.
LOG: 2024/11/21 13:45:58 main.go:15: 执行main.go
LOG: 2024/11/21 13:45:58 main.go:16: 好多错误
2024/11/21 13:47:14 request.go:246: This is a log message.
2024/11/21 13:47:15 main.go:15: 执行main.go
2024/11/21 13:47:15 main.go:16: 好多错误
2024/11/21 14:08:14 main.go:15: 执行main.go
2024/11/21 14:08:14 main.go:16: 好多错误
2024/11/21 14:08:29 main.go:15: 执行main.go
2024/11/21 14:08:29 main.go:16: 好多错误
2024/11/21 14:25:10 checkoutRequest.go:59: []
2024/11/21 14:25:10 checkoutRequest.go:60: <nil>
2024/11/21 14:28:23 checkoutRequest.go:59: []
2024/11/21 14:28:23 checkoutRequest.go:61: <nil>
2024/11/21 14:32:23 checkoutRequest.go:60: []
2024/11/21 14:32:23 checkoutRequest.go:62: <nil>
2024/11/21 14:54:54 checkoutRequest.go:53: []
2024/11/21 14:54:54 checkoutRequest.go:55: <nil>
2024/11/21 14:56:07 checkoutRequest.go:52: 请求地址url= https://uatacquire.uprimer.com/api/acquire/checkout/create
2024/11/21 14:56:07 checkoutRequest.go:54: []
2024/11/21 14:56:07 checkoutRequest.go:56: <nil>
2024/11/21 14:58:51 request.go:118: HttpGet-url = https://uatacquire.uprimer.com/authorize
2024/11/21 14:58:51 checkoutRequest.go:52: 请求地址url= https://uatacquire.uprimer.com/api/acquire/checkout/create
2024/11/21 14:58:51 request.go:200: HttpPost-url = https://uatacquire.uprimer.com/api/acquire/checkout/create
2024/11/21 14:58:51 request.go:201: HttpPost-params = 
2024/11/21 14:58:51 request.go:202: map[amount:19900 appId:10000 cancelUrl:https://hfgj.testpnr.com/crossDemo/webHook.do currency:HKD failureUrl:https://hfgj.testpnr.com/crossDemo/webHook.do merchantOrderId:2024112106585189971 notificationUrl:https://hfgj.testpnr.com/crossDemo/webHook.do orderTime:2024-11-21T06:58:51Z paymentMethod:map[methodType:CARD] products:[map[code:4098755 name:High-Collar Boxy Camel Hair Blend Sweater,MUMUXI LED Fairy Lights Battery Operated String Lights [12 Pack] 7.2ft 20 Battery Powered LED Lights | Mini Lights, Centerpiece Table Decorations, Wedding Party Bedroom Mason Jar Christmas, Warm White quantity:1 sku:4098755 black unitPrice:100]] requestId:2024112106585161695 shipping:map[city:Toronto countryCode:CA firstName:XINGGUO lastName:XU phoneNumber:+8618672362337 postCode:M5G 1V7 state:ON street:160-500 University street2:] successUrl:https://hfgj.testpnr.com/crossDemo/webHook.do validityPeriod:500]
2024/11/21 14:58:51 checkoutRequest.go:54: []
2024/11/21 14:58:51 checkoutRequest.go:56: <nil>
2024/11/21 15:00:19 request.go:118: HttpGet-url = https://uatacquire.uprimer.com/authorize
2024/11/21 15:00:19 checkoutRequest.go:52: 请求地址url= https://uatacquire.uprimer.com/api/acquire/checkout/create
2024/11/21 15:00:19 request.go:200: HttpPost-url = https://uatacquire.uprimer.com/api/acquire/checkout/create
2024/11/21 15:00:19 request.go:201: HttpPost-params = 
2024/11/21 15:00:19 request.go:202: map[amount:19900 appId:10000 cancelUrl:https://hfgj.testpnr.com/crossDemo/webHook.do currency:HKD failureUrl:https://hfgj.testpnr.com/crossDemo/webHook.do merchantOrderId:2024112107001938180 notificationUrl:https://hfgj.testpnr.com/crossDemo/webHook.do orderTime:2024-11-21T07:00:19Z paymentMethod:map[methodType:CARD] products:[map[code:4098755 name:High-Collar Boxy Camel Hair Blend Sweater,MUMUXI LED Fairy Lights Battery Operated String Lights [12 Pack] 7.2ft 20 Battery Powered LED Lights | Mini Lights, Centerpiece Table Decorations, Wedding Party Bedroom Mason Jar Christmas, Warm White quantity:1 sku:4098755 black unitPrice:100]] requestId:2024112107001955272 shipping:map[city:Toronto countryCode:CA firstName:XINGGUO lastName:XU phoneNumber:+8618672362337 postCode:M5G 1V7 state:ON street:160-500 University street2:] successUrl:https://hfgj.testpnr.com/crossDemo/webHook.do validityPeriod:500]
2024/11/21 15:00:19 checkoutRequest.go:54: []
2024/11/21 15:00:19 checkoutRequest.go:56: <nil>
2024/11/21 15:00:52 request.go:118: HttpGet-url = https://uatacquire.uprimer.com/authorize
2024/11/21 15:00:52 checkoutRequest.go:52: 请求地址url= https://uatacquire.uprimer.com/api/acquire/checkout/create
2024/11/21 15:00:52 request.go:200: HttpPost-url = https://uatacquire.uprimer.com/api/acquire/checkout/create
2024/11/21 15:00:52 request.go:201: HttpPost-params = 
2024/11/21 15:00:52 request.go:202: map[amount:19900 appId:10000 cancelUrl:https://hfgj.testpnr.com/crossDemo/webHook.do currency:HKD failureUrl:https://hfgj.testpnr.com/crossDemo/webHook.do merchantOrderId:2024112107005276623 notificationUrl:https://hfgj.testpnr.com/crossDemo/webHook.do orderTime:2024-11-21T07:00:52Z paymentMethod:map[methodType:CARD] products:[map[code:4098755 name:High-Collar Boxy Camel Hair Blend Sweater,MUMUXI LED Fairy Lights Battery Operated String Lights [12 Pack] 7.2ft 20 Battery Powered LED Lights | Mini Lights, Centerpiece Table Decorations, Wedding Party Bedroom Mason Jar Christmas, Warm White quantity:1 sku:4098755 black unitPrice:100]] requestId:2024112107005283219 shipping:map[city:Toronto countryCode:CA firstName:XINGGUO lastName:XU phoneNumber:+8618672362337 postCode:M5G 1V7 state:ON street:160-500 University street2:] successUrl:https://hfgj.testpnr.com/crossDemo/webHook.do validityPeriod:500]
2024/11/21 15:00:52 checkoutRequest.go:54: []
2024/11/21 15:00:52 checkoutRequest.go:56: <nil>
2024/11/21 15:02:45 request.go:118: HttpGet-url = https://uatacquire.uprimer.com/authorize
2024/11/21 15:02:45 checkoutRequest.go:52: 请求地址url= https://uatacquire.uprimer.com/api/acquire/checkout/create
2024/11/21 15:02:45 request.go:200: HttpPost-url = https://uatacquire.uprimer.com/api/acquire/checkout/create
2024/11/21 15:02:45 request.go:201: HttpPost-params = 下一行内容
2024/11/21 15:02:45 request.go:202: map[amount:19900 appId:10000 cancelUrl:https://hfgj.testpnr.com/crossDemo/webHook.do currency:HKD failureUrl:https://hfgj.testpnr.com/crossDemo/webHook.do merchantOrderId:2024112107024582721 notificationUrl:https://hfgj.testpnr.com/crossDemo/webHook.do orderTime:2024-11-21T07:02:45Z paymentMethod:map[methodType:CARD] products:[map[code:4098755 name:High-Collar Boxy Camel Hair Blend Sweater,MUMUXI LED Fairy Lights Battery Operated String Lights [12 Pack] 7.2ft 20 Battery Powered LED Lights | Mini Lights, Centerpiece Table Decorations, Wedding Party Bedroom Mason Jar Christmas, Warm White quantity:1 sku:4098755 black unitPrice:100]] requestId:2024112107024582765 shipping:map[city:Toronto countryCode:CA firstName:XINGGUO lastName:XU phoneNumber:+8618672362337 postCode:M5G 1V7 state:ON street:160-500 University street2:] successUrl:https://hfgj.testpnr.com/crossDemo/webHook.do validityPeriod:500]
2024/11/21 15:02:45 checkoutRequest.go:54: []
2024/11/21 15:02:45 checkoutRequest.go:56: <nil>
2024/11/21 15:03:21 request.go:118: HttpGet-url = https://uatacquire.uprimer.com/authorize
2024/11/21 15:03:21 checkoutRequest.go:52: 请求地址url= https://uatacquire.uprimer.com/api/acquire/checkout/create
2024/11/21 15:03:21 request.go:200: HttpPost-url = https://uatacquire.uprimer.com/api/acquire/checkout/create
2024/11/21 15:03:21 request.go:201: HttpPost-params = 下一行内容
2024/11/21 15:03:21 request.go:202: map[amount:19900 appId:10000 cancelUrl:https://hfgj.testpnr.com/crossDemo/webHook.do currency:HKD failureUrl:https://hfgj.testpnr.com/crossDemo/webHook.do merchantOrderId:20241121070321504 notificationUrl:https://hfgj.testpnr.com/crossDemo/webHook.do orderTime:2024-11-21T07:03:21Z paymentMethod:map[methodType:CARD] products:[map[code:4098755 name:High-Collar Boxy Camel Hair Blend Sweater,MUMUXI LED Fairy Lights Battery Operated String Lights [12 Pack] 7.2ft 20 Battery Powered LED Lights | Mini Lights, Centerpiece Table Decorations, Wedding Party Bedroom Mason Jar Christmas, Warm White quantity:1 sku:4098755 black unitPrice:100]] requestId:2024112107032126857 shipping:map[city:Toronto countryCode:CA firstName:XINGGUO lastName:XU phoneNumber:+8618672362337 postCode:M5G 1V7 state:ON street:160-500 University street2:] successUrl:https://hfgj.testpnr.com/crossDemo/webHook.do validityPeriod:500]
2024/11/21 15:03:21 checkoutRequest.go:54: []
2024/11/21 15:03:21 checkoutRequest.go:56: <nil>
2024/11/21 15:05:25 request.go:118: HttpGet-url = https://uatacquire.uprimer.com/authorize
2024/11/21 15:05:25 checkoutRequest.go:52: 请求地址url= https://uatacquire.uprimer.com/api/acquire/checkout/create
2024/11/21 15:05:25 request.go:200: HttpPost-url = https://uatacquire.uprimer.com/api/acquire/checkout/create
2024/11/21 15:05:25 request.go:201: HttpPost-params = 下一行内容
2024/11/21 15:05:25 request.go:202: map[amount:19900 appId:10000 cancelUrl:https://hfgj.testpnr.com/crossDemo/webHook.do currency:HKD failureUrl:https://hfgj.testpnr.com/crossDemo/webHook.do merchantOrderId:2024112107052599389 notificationUrl:https://hfgj.testpnr.com/crossDemo/webHook.do orderTime:2024-11-21T07:05:25Z paymentMethod:map[methodType:CARD] products:[map[code:4098755 name:High-Collar Boxy Camel Hair Blend Sweater,MUMUXI LED Fairy Lights Battery Operated String Lights [12 Pack] 7.2ft 20 Battery Powered LED Lights | Mini Lights, Centerpiece Table Decorations, Wedding Party Bedroom Mason Jar Christmas, Warm White quantity:1 sku:4098755 black unitPrice:100]] requestId:2024112107052598595 shipping:map[city:Toronto countryCode:CA firstName:XINGGUO lastName:XU phoneNumber:+8618672362337 postCode:M5G 1V7 state:ON street:160-500 University street2:] successUrl:https://hfgj.testpnr.com/crossDemo/webHook.do validityPeriod:500]
2024/11/21 15:05:25 checkoutRequest.go:54: [123 34 97 109 111 117 110 116 34 58 49 57 57 48 48 44 34 97 112 112 73 100 34 58 34 49 48 48 48 48 34 44 34 99 97 110 99 101 108 85 114 108 34 58 34 104 116 116 112 115 58 47 47 104 102 103 106 46 116 101 115 116 112 110 114 46 99 111 109 47 99 114 111 115 115 68 101 109 111 47 119 101 98 72 111 111 107 46 100 111 34 44 34 99 117 114 114 101 110 99 121 34 58 34 72 75 68 34 44 34 102 97 105 108 117 114 101 85 114 108 34 58 34 104 116 116 112 115 58 47 47 104 102 103 106 46 116 101 115 116 112 110 114 46 99 111 109 47 99 114 111 115 115 68 101 109 111 47 119 101 98 72 111 111 107 46 100 111 34 44 34 109 101 114 99 104 97 110 116 79 114 100 101 114 73 100 34 58 34 50 48 50 52 49 49 50 49 48 55 48 53 50 53 57 57 51 56 57 34 44 34 110 111 116 105 102 105 99 97 116 105 111 110 85 114 108 34 58 34 104 116 116 112 115 58 47 47 104 102 103 106 46 116 101 115 116 112 110 114 46 99 111 109 47 99 114 111 115 115 68 101 109 111 47 119 101 98 72 111 111 107 46 100 111 34 44 34 111 114 100 101 114 84 105 109 101 34 58 34 50 48 50 52 45 49 49 45 50 49 84 48 55 58 48 53 58 50 53 90 34 44 34 112 97 121 109 101 110 116 77 101 116 104 111 100 34 58 123 34 109 101 116 104 111 100 84 121 112 101 34 58 34 67 65 82 68 34 125 44 34 112 114 111 100 117 99 116 115 34 58 91 123 34 99 111 100 101 34 58 34 52 48 57 56 55 53 53 34 44 34 110 97 109 101 34 58 34 72 105 103 104 45 67 111 108 108 97 114 32 66 111 120 121 32 67 97 109 101 108 32 72 97 105 114 32 66 108 101 110 100 32 83 119 101 97 116 101 114 44 77 85 77 85 88 73 32 76 69 68 32 70 97 105 114 121 32 76 105 103 104 116 115 32 66 97 116 116 101 114 121 32 79 112 101 114 97 116 101 100 32 83 116 114 105 110 103 32 76 105 103 104 116 115 32 91 49 50 32 80 97 99 107 93 32 55 46 50 102 116 32 50 48 32 66 97 116 116 101 114 121 32 80 111 119 101 114 101 100 32 76 69 68 32 76 105 103 104 116 115 32 124 32 77 105 110 105 32 76 105 103 104 116 115 44 32 67 101 110 116 101 114 112 105 101 99 101 32 84 97 98 108 101 32 68 101 99 111 114 97 116 105 111 110 115 44 32 87 101 100 100 105 110 103 32 80 97 114 116 121 32 66 101 100 114 111 111 109 32 77 97 115 111 110 32 74 97 114 32 67 104 114 105 115 116 109 97 115 44 32 87 97 114 109 32 87 104 105 116 101 34 44 34 113 117 97 110 116 105 116 121 34 58 49 44 34 115 107 117 34 58 34 52 48 57 56 55 53 53 32 98 108 97 99 107 34 44 34 117 110 105 116 80 114 105 99 101 34 58 49 48 48 125 93 44 34 114 101 113 117 101 115 116 73 100 34 58 34 50 48 50 52 49 49 50 49 48 55 48 53 50 53 57 56 53 57 53 34 44 34 115 104 105 112 112 105 110 103 34 58 123 34 99 105 116 121 34 58 34 84 111 114 111 110 116 111 34 44 34 99 111 117 110 116 114 121 67 111 100 101 34 58 34 67 65 34 44 34 102 105 114 115 116 78 97 109 101 34 58 34 88 73 78 71 71 85 79 34 44 34 108 97 115 116 78 97 109 101 34 58 34 88 85 34 44 34 112 104 111 110 101 78 117 109 98 101 114 34 58 34 43 56 54 49 56 54 55 50 51 54 50 51 51 55 34 44 34 112 111 115 116 67 111 100 101 34 58 34 77 53 71 32 49 86 55 34 44 34 115 116 97 116 101 34 58 34 79 78 34 44 34 115 116 114 101 101 116 34 58 34 49 54 48 45 53 48 48 32 85 110 105 118 101 114 115 105 116 121 34 44 34 115 116 114 101 101 116 50 34 58 34 34 125 44 34 115 117 99 99 101 115 115 85 114 108 34 58 34 104 116 116 112 115 58 47 47 104 102 103 106 46 116 101 115 116 112 110 114 46 99 111 109 47 99 114 111 115 115 68 101 109 111 47 119 101 98 72 111 111 107 46 100 111 34 44 34 118 97 108 105 100 105 116 121 80 101 114 105 111 100 34 58 53 48 48 125]
2024/11/21 15:05:25 checkoutRequest.go:56: <nil>
2024/11/21 15:07:43 request.go:118: HttpGet-url = https://uatacquire.uprimer.com/authorize
2024/11/21 15:07:43 checkoutRequest.go:52: 请求地址url= https://uatacquire.uprimer.com/api/acquire/checkout/create
2024/11/21 15:07:43 request.go:200: HttpPost-url = https://uatacquire.uprimer.com/api/acquire/checkout/create
2024/11/21 15:07:43 request.go:201: HttpPost-params = 下一行内容
2024/11/21 15:07:43 request.go:202: map[amount:19900 appId:10000 cancelUrl:https://hfgj.testpnr.com/crossDemo/webHook.do currency:HKD failureUrl:https://hfgj.testpnr.com/crossDemo/webHook.do merchantOrderId:2024112107074360829 notificationUrl:https://hfgj.testpnr.com/crossDemo/webHook.do orderTime:2024-11-21T07:07:43Z paymentMethod:map[methodType:CARD] products:[map[code:4098755 name:High-Collar Boxy Camel Hair Blend Sweater,MUMUXI LED Fairy Lights Battery Operated String Lights [12 Pack] 7.2ft 20 Battery Powered LED Lights | Mini Lights, Centerpiece Table Decorations, Wedding Party Bedroom Mason Jar Christmas, Warm White quantity:1 sku:4098755 black unitPrice:100]] requestId:2024112107074335052 shipping:map[city:Toronto countryCode:CA firstName:XINGGUO lastName:XU phoneNumber:+8618672362337 postCode:M5G 1V7 state:ON street:160-500 University street2:] successUrl:https://hfgj.testpnr.com/crossDemo/webHook.do validityPeriod:500]
2024/11/21 15:07:43 checkoutRequest.go:54: map[amount:19900 appId:10000 cancelUrl:https://hfgj.testpnr.com/crossDemo/webHook.do currency:HKD failureUrl:https://hfgj.testpnr.com/crossDemo/webHook.do merchantOrderId:2024112107074360829 notificationUrl:https://hfgj.testpnr.com/crossDemo/webHook.do orderTime:2024-11-21T07:07:43Z paymentMethod:map[methodType:CARD] products:[map[code:4098755 name:High-Collar Boxy Camel Hair Blend Sweater,MUMUXI LED Fairy Lights Battery Operated String Lights [12 Pack] 7.2ft 20 Battery Powered LED Lights | Mini Lights, Centerpiece Table Decorations, Wedding Party Bedroom Mason Jar Christmas, Warm White quantity:1 sku:4098755 black unitPrice:100]] requestId:2024112107074335052 shipping:map[city:Toronto countryCode:CA firstName:XINGGUO lastName:XU phoneNumber:+8618672362337 postCode:M5G 1V7 state:ON street:160-500 University street2:] successUrl:https://hfgj.testpnr.com/crossDemo/webHook.do validityPeriod:500]
2024/11/21 15:07:43 checkoutRequest.go:56: <nil>
2024/11/21 15:09:50 request.go:118: HttpGet-url = https://uatacquire.uprimer.com/authorize
2024/11/21 15:09:50 checkoutRequest.go:52: 请求地址url= https://uatacquire.uprimer.com/api/acquire/checkout/create
2024/11/21 15:09:50 request.go:200: HttpPost-url = https://uatacquire.uprimer.com/api/acquire/checkout/create
2024/11/21 15:09:50 request.go:201: HttpPost-params = 下一行内容
2024/11/21 15:09:50 request.go:202: map[amount:19900 appId:10000 cancelUrl:https://hfgj.testpnr.com/crossDemo/webHook.do currency:HKD failureUrl:https://hfgj.testpnr.com/crossDemo/webHook.do merchantOrderId:202411210709509402 notificationUrl:https://hfgj.testpnr.com/crossDemo/webHook.do orderTime:2024-11-21T07:09:50Z paymentMethod:map[methodType:CARD] products:[map[code:4098755 name:High-Collar Boxy Camel Hair Blend Sweater,MUMUXI LED Fairy Lights Battery Operated String Lights [12 Pack] 7.2ft 20 Battery Powered LED Lights | Mini Lights, Centerpiece Table Decorations, Wedding Party Bedroom Mason Jar Christmas, Warm White quantity:1 sku:4098755 black unitPrice:100]] requestId:2024112107095034136 shipping:map[city:Toronto countryCode:CA firstName:XINGGUO lastName:XU phoneNumber:+8618672362337 postCode:M5G 1V7 state:ON street:160-500 University street2:] successUrl:https://hfgj.testpnr.com/crossDemo/webHook.do validityPeriod:500]
2024/11/21 15:09:50 checkoutRequest.go:54: map[amount:19900 appId:10000 cancelUrl:https://hfgj.testpnr.com/crossDemo/webHook.do currency:HKD failureUrl:https://hfgj.testpnr.com/crossDemo/webHook.do merchantOrderId:202411210709509402 notificationUrl:https://hfgj.testpnr.com/crossDemo/webHook.do orderTime:2024-11-21T07:09:50Z paymentMethod:map[methodType:CARD] products:[map[code:4098755 name:High-Collar Boxy Camel Hair Blend Sweater,MUMUXI LED Fairy Lights Battery Operated String Lights [12 Pack] 7.2ft 20 Battery Powered LED Lights | Mini Lights, Centerpiece Table Decorations, Wedding Party Bedroom Mason Jar Christmas, Warm White quantity:1 sku:4098755 black unitPrice:100]] requestId:2024112107095034136 shipping:map[city:Toronto countryCode:CA firstName:XINGGUO lastName:XU phoneNumber:+8618672362337 postCode:M5G 1V7 state:ON street:160-500 University street2:] successUrl:https://hfgj.testpnr.com/crossDemo/webHook.do validityPeriod:500]
2024/11/21 15:09:50 checkoutRequest.go:56: <nil>
2024/11/21 15:15:08 request.go:118: HttpGet-url = https://uatacquire.uprimer.com/authorize
2024/11/21 15:15:08 checkoutRequest.go:52: 请求地址url= https://uatacquire.uprimer.com/api/acquire/checkout/create
2024/11/21 15:15:08 request.go:200: HttpPost-url = https://uatacquire.uprimer.com/api/acquire/checkout/create
2024/11/21 15:15:08 request.go:201: HttpPost-params = 下一行内容
2024/11/21 15:15:08 request.go:202: map[amount:19900 appId:10000 cancelUrl:https://hfgj.testpnr.com/crossDemo/webHook.do currency:HKD failureUrl:https://hfgj.testpnr.com/crossDemo/webHook.do merchantOrderId:202411210715089553 notificationUrl:https://hfgj.testpnr.com/crossDemo/webHook.do orderTime:2024-11-21T07:15:08Z paymentMethod:map[methodType:CARD] products:[map[code:4098755 name:High-Collar Boxy Camel Hair Blend Sweater,MUMUXI LED Fairy Lights Battery Operated String Lights [12 Pack] 7.2ft 20 Battery Powered LED Lights | Mini Lights, Centerpiece Table Decorations, Wedding Party Bedroom Mason Jar Christmas, Warm White quantity:1 sku:4098755 black unitPrice:100]] requestId:202411210715086951 shipping:map[city:Toronto countryCode:CA firstName:XINGGUO lastName:XU phoneNumber:+8618672362337 postCode:M5G 1V7 state:ON street:160-500 University street2:] successUrl:https://hfgj.testpnr.com/crossDemo/webHook.do validityPeriod:500]
2024/11/21 15:15:08 checkoutRequest.go:54: map[amount:19900 appId:10000 cancelUrl:https://hfgj.testpnr.com/crossDemo/webHook.do currency:HKD failureUrl:https://hfgj.testpnr.com/crossDemo/webHook.do merchantOrderId:202411210715089553 notificationUrl:https://hfgj.testpnr.com/crossDemo/webHook.do orderTime:2024-11-21T07:15:08Z paymentMethod:map[methodType:CARD] products:[map[code:4098755 name:High-Collar Boxy Camel Hair Blend Sweater,MUMUXI LED Fairy Lights Battery Operated String Lights [12 Pack] 7.2ft 20 Battery Powered LED Lights | Mini Lights, Centerpiece Table Decorations, Wedding Party Bedroom Mason Jar Christmas, Warm White quantity:1 sku:4098755 black unitPrice:100]] requestId:202411210715086951 shipping:map[city:Toronto countryCode:CA firstName:XINGGUO lastName:XU phoneNumber:+8618672362337 postCode:M5G 1V7 state:ON street:160-500 University street2:] successUrl:https://hfgj.testpnr.com/crossDemo/webHook.do validityPeriod:500]
2024/11/21 15:15:08 checkoutRequest.go:56: <nil>
2024/11/21 15:23:11 request.go:118: HttpGet-url = https://uatacquire.uprimer.com/authorize
2024/11/21 15:23:11 checkoutRequest.go:52: 请求地址url= https://uatacquire.uprimer.com/api/acquire/checkout/create
2024/11/21 15:23:11 request.go:200: HttpPost-url = https://uatacquire.uprimer.com/api/acquire/checkout/create
2024/11/21 15:23:11 request.go:201: HttpPost-params = 下一行内容
2024/11/21 15:23:11 request.go:202: map[amount:19900 appId:10000 cancelUrl:https://hfgj.testpnr.com/crossDemo/webHook.do currency:HKD failureUrl:https://hfgj.testpnr.com/crossDemo/webHook.do merchantOrderId:2024112107231154420 notificationUrl:https://hfgj.testpnr.com/crossDemo/webHook.do orderTime:2024-11-21T07:23:11Z paymentMethod:map[methodType:CARD] products:[map[code:4098755 name:High-Collar Boxy Camel Hair Blend Sweater,MUMUXI LED Fairy Lights Battery Operated String Lights [12 Pack] 7.2ft 20 Battery Powered LED Lights | Mini Lights, Centerpiece Table Decorations, Wedding Party Bedroom Mason Jar Christmas, Warm White quantity:1 sku:4098755 black unitPrice:100]] requestId:2024112107231171003 shipping:map[city:Toronto countryCode:CA firstName:XINGGUO lastName:XU phoneNumber:+8618672362337 postCode:M5G 1V7 state:ON street:160-500 University street2:] successUrl:https://hfgj.testpnr.com/crossDemo/webHook.do validityPeriod:500]
2024/11/21 15:23:11 checkoutRequest.go:54: map[code:00000000 data:map[amount:19900 appId:10000 createTime:2024-11-21T15:23:11+0800 currency:HKD id:1020241121000010 merchantOrderId:2024112107231154420 nextAction:map[actionType:REDIRECT method:GET url:https://uatcheckout.uprimer.com/payment/checkout?transactionId=1020241121000010&mac=1e88e17f2f84f6556974d5f381e714a8&orderId=2024112107231154420] requestId:2024112107231171003 status:REQUEST_CUSTOMER_ACTION transactionType:SALE updateTime:2024-11-21T15:23:11+0800] msg:处理成功 success:true]
2024/11/21 15:23:11 checkoutRequest.go:56: <nil>
2024/11/21 15:31:52 request.go:118: HttpGet-url = https://uatacquire.uprimer.com/authorize
2024/11/21 15:31:52 checkoutRequest.go:52: 请求地址url= https://uatacquire.uprimer.com/api/acquire/checkout/create
2024/11/21 15:31:52 request.go:200: HttpPost-url = https://uatacquire.uprimer.com/api/acquire/checkout/create
2024/11/21 15:31:52 request.go:201: HttpPost-params = 下一行内容
2024/11/21 15:31:52 request.go:202: map[amount:19900 appId:10000 cancelUrl:https://hfgj.testpnr.com/crossDemo/webHook.do currency:HKD failureUrl:https://hfgj.testpnr.com/crossDemo/webHook.do merchantOrderId:2024112107315247703 notificationUrl:https://hfgj.testpnr.com/crossDemo/webHook.do orderTime:2024-11-21T07:31:52Z paymentMethod:map[methodType:CARD] products:[map[code:4098755 name:High-Collar Boxy Camel Hair Blend Sweater,MUMUXI LED Fairy Lights Battery Operated String Lights [12 Pack] 7.2ft 20 Battery Powered LED Lights | Mini Lights, Centerpiece Table Decorations, Wedding Party Bedroom Mason Jar Christmas, Warm White quantity:1 sku:4098755 black unitPrice:100]] requestId:2024112107315288251 shipping:map[city:Toronto countryCode:CA firstName:XINGGUO lastName:XU phoneNumber:+8618672362337 postCode:M5G 1V7 state:ON street:160-500 University street2:] successUrl:https://hfgj.testpnr.com/crossDemo/webHook.do validityPeriod:500]
2024/11/21 15:31:52 request.go:245: HttpPost-解析后的返回内容 = 下一行内容
2024/11/21 15:31:52 request.go:246: map[code:00000000 data:map[amount:19900 appId:10000 createTime:2024-11-21T15:31:52+0800 currency:HKD id:1020241121000011 merchantOrderId:2024112107315247703 nextAction:map[actionType:REDIRECT method:GET url:https://uatcheckout.uprimer.com/payment/checkout?transactionId=1020241121000011&mac=f5d5f515891e191dfdd0e7918baeaddf&orderId=2024112107315247703] requestId:2024112107315288251 status:REQUEST_CUSTOMER_ACTION transactionType:SALE updateTime:2024-11-21T15:31:52+0800] msg:处理成功 success:true]
2024/11/21 15:37:28 request.go:118: HttpGet-url = https://uatacquire.uprimer.com/authorize
2024/11/21 15:37:28 checkoutRequest.go:52: 请求地址url= https://uatacquire.uprimer.com/api/acquire/checkout/create
2024/11/21 15:37:28 request.go:200: HttpPost-url = https://uatacquire.uprimer.com/api/acquire/checkout/create
2024/11/21 15:37:28 request.go:201: HttpPost-params = 下一行内容
2024/11/21 15:37:28 request.go:202: map[amount:19900 appId:10000 cancelUrl:https://hfgj.testpnr.com/crossDemo/webHook.do currency:HKD failureUrl:https://hfgj.testpnr.com/crossDemo/webHook.do merchantOrderId:2024112107372812270 notificationUrl:https://hfgj.testpnr.com/crossDemo/webHook.do orderTime:2024-11-21T07:37:28Z paymentMethod:map[methodType:CARD] products:[map[code:4098755 name:High-Collar Boxy Camel Hair Blend Sweater,MUMUXI LED Fairy Lights Battery Operated String Lights [12 Pack] 7.2ft 20 Battery Powered LED Lights | Mini Lights, Centerpiece Table Decorations, Wedding Party Bedroom Mason Jar Christmas, Warm White quantity:1 sku:4098755 black unitPrice:100]] requestId:2024112107372854737 shipping:map[city:Toronto countryCode:CA firstName:XINGGUO lastName:XU phoneNumber:+8618672362337 postCode:M5G 1V7 state:ON street:160-500 University street2:] successUrl:https://hfgj.testpnr.com/crossDemo/webHook.do validityPeriod:500]
2024/11/21 15:37:29 request.go:245: HttpPost-解析后的返回内容 = 下一行内容
2024/11/21 15:37:29 request.go:246: map[code:00000000 data:map[amount:19900 appId:10000 createTime:2024-11-21T15:37:28+0800 currency:HKD id:1020241121000012 merchantOrderId:2024112107372812270 nextAction:map[actionType:REDIRECT method:GET url:https://uatcheckout.uprimer.com/payment/checkout?transactionId=1020241121000012&mac=c21b7a2caf2c9b0a75e7664a5fb1ff3b&orderId=2024112107372812270] requestId:2024112107372854737 status:REQUEST_CUSTOMER_ACTION transactionType:SALE updateTime:2024-11-21T15:37:28+0800] msg:处理成功 success:true]
2024/11/21 15:44:14 request.go:118: HttpGet-url = https://uatacquire.uprimer.com/authorize
2024/11/21 15:44:14 payment3DChallengeRequest.go:85: 请求地址url= https://uatacquire.uprimer.com/api/acquire/payment/create
2024/11/21 15:44:14 request.go:200: HttpPost-url = https://uatacquire.uprimer.com/api/acquire/payment/create
2024/11/21 15:44:14 request.go:201: HttpPost-params = 下一行内容
2024/11/21 15:44:14 request.go:202: map[amount:290000 appId:10000 cancelUrl:https://hfgj.testpnr.com/crossDemo/webHook.do currency:HKD descriptor:付款 deviceData:map[acceptHeader:text/html browserJavaEnabled:true browserJavascriptEnabled:true browserUserAgent:Mozilla/5.0 (Windows NT 10.0; Win64; x64) AppleWebKit/537.36 (KHTML, like Gecko) Chrome/115.0.0.0 Safari/537.36 Edg/115.0.1901.183 challengeWindow:5 language:zh-CN screenColorDepth:48 screenHeight:1200 screenWidth:1600 timezone:60] failureUrl:https://hfgj.testpnr.com/crossDemo/webHook.do merchantOrderId:20241121074414620293 notificationUrl:https://hfgj.testpnr.com/crossDemo/webHook.do orderTime:2024-11-21T07:44:14Z paymentMethod:map[card:map[billing:map[city:Toronto countryCode:GB dateOfBirth: email:xu.xg@qq.com firstName:xingguo lastName:xu phoneNumber:11144442121 postCode:12345-1233 state:UK street:160-500 University] cvv:133 expiryMonth:10 expiryYear:26 firstName:xingguo lastName:xu number:5200000000001096] methodType:CARD] products:[map[code:101110 name:iphone quantity:1 sku:black totalAmount:6000 unitPrice:6000]] requestId:20241121074414620293 shipping:map[city:Toronto company:shipping company countryCode:GB firstName:lucy lastName:king phoneNumber:13388888888 postCode:Box1026 state:UK street:160-500 University street2:st2] successUrl:https://hfgj.testpnr.com/crossDemo/webHook.do]
2024/11/21 15:44:16 request.go:245: HttpPost-解析后的返回内容 = 下一行内容
2024/11/21 15:44:16 request.go:246: map[code:00000000 data:map[amount:290000 appId:10000 createTime:2024-11-21T15:44:14+0800 currency:HKD id:1020241121000013 merchantOrderId:20241121074414620293 nextAction:map[actionType:REDIRECT method:GET url:https://uatacquire.uprimer.com/api/payerAuthentication/direct?transactionId=1020241121000013&mac=a81c29f4d9b3cdc8f3b074fe554fc361] requestId:20241121074414620293 status:REQUEST_CUSTOMER_ACTION transactionType:SALE updateTime:2024-11-21T15:44:16+0800] msg:处理成功 success:true]
2024/11/21 15:56:17 request.go:118: HttpGet-url = https://uatacquire.uprimer.com/authorize
2024/11/21 15:56:17 payment3DFrictionlessRequest.go:90: 请求地址url= https://uatacquire.uprimer.com/api/acquire/payment/create
2024/11/21 15:56:17 request.go:200: HttpPost-url = https://uatacquire.uprimer.com/api/acquire/payment/create
2024/11/21 15:56:17 request.go:201: HttpPost-params = 下一行内容
2024/11/21 15:56:17 request.go:202: map[amount:290000 appId:10000 cancelUrl:https://hfgj.testpnr.com/crossDemo/webHook.do currency:HKD descriptor:付款 deviceData:map[acceptHeader:text/html browserJavaEnabled:true browserJavascriptEnabled:true browserUserAgent:Mozilla/5.0 (Windows NT 10.0; Win64; x64) AppleWebKit/537.36 (KHTML, like Gecko) Chrome/115.0.0.0 Safari/537.36 Edg/115.0.1901.183 challengeWindow:5 language:zh-CN screenColorDepth:48 screenHeight:1200 screenWidth:1600 timezone:60] failureUrl:https://hfgj.testpnr.com/crossDemo/webHook.do merchantOrderId:20241121155617398 notificationUrl:https://hfgj.testpnr.com/crossDemo/webHook.do orderTime:2024-11-21T07:56:17Z paymentMethod:map[card:map[billing:map[city:Toronto countryCode:GB dateOfBirth: email:xu.xg@qq.com firstName:xingguo lastName:xu phoneNumber:11144442121 postCode:12345-1233 state:UK street:160-500 University] cvv:133 expiryMonth:10 expiryYear:26 firstName:xingguo lastName:xu number:5200000000002235] methodType:CARD] products:[map[code:101110 name:iphone quantity:1 sku:black totalAmount:6000 unitPrice:6000]] requestId:20241121155617792 shipping:map[city:Toronto company:shipping company countryCode:GB firstName:lucy lastName:king phoneNumber:13388888888 postCode:Box1026 state:UK street:160-500 University street2:st2] successUrl:https://hfgj.testpnr.com/crossDemo/webHook.do]
2024/11/21 15:56:19 request.go:245: HttpPost-解析后的返回内容 = 下一行内容
2024/11/21 15:56:19 request.go:246: map[code:00000000 data:map[amount:290000 appId:10000 createTime:2024-11-21T15:56:18+0800 currency:HKD id:1020241121000014 merchantOrderId:20241121155617398 nextAction:map[actionType:REDIRECT method:GET url:https://uatacquire.uprimer.com/api/payerAuthentication/direct?transactionId=1020241121000014&mac=0892b2a3f7fc06e0548b5b9dc4a12df4] requestId:20241121155617792 status:REQUEST_CUSTOMER_ACTION transactionType:SALE updateTime:2024-11-21T15:56:19+0800] msg:处理成功 success:true]
2024/11/21 15:59:36 request.go:118: HttpGet-url = https://uatacquire.uprimer.com/authorize
2024/11/21 15:59:36 paymentNo3DRequest.go:90: 请求地址url= https://uatacquire.uprimer.com/api/acquire/payment/create
2024/11/21 15:59:36 request.go:200: HttpPost-url = https://uatacquire.uprimer.com/api/acquire/payment/create
2024/11/21 15:59:36 request.go:201: HttpPost-params = 下一行内容
2024/11/21 15:59:36 request.go:202: map[amount:290000 appId:10000 cancelUrl:https://hfgj.testpnr.com/crossDemo/webHook.do currency:USD descriptor:付款 deviceData:map[acceptHeader:text/html browserJavaEnabled:true browserJavascriptEnabled:true browserUserAgent:Mozilla/5.0 (Windows NT 10.0; Win64; x64) AppleWebKit/537.36 (KHTML, like Gecko) Chrome/115.0.0.0 Safari/537.36 Edg/115.0.1901.183 challengeWindow:5 language:zh-CN screenColorDepth:48 screenHeight:1200 screenWidth:1600 timezone:60] failureUrl:https://hfgj.testpnr.com/crossDemo/webHook.do merchantOrderId:2024112115593631923 notificationUrl:https://hfgj.testpnr.com/crossDemo/webHook.do orderTime:2024-11-21T07:59:36Z paymentMethod:map[card:map[billing:map[city:Toronto countryCode:GB dateOfBirth: email:xu.xg@qq.com firstName:xingguo lastName:xu phoneNumber:11144442121 postCode:12345-1233 state:UK street:160-500 University] cvv:133 expiryMonth:10 expiryYear:26 firstName:xingguo lastName:xu number:5200000000001096] methodType:CARD] products:[map[code:101110 name:iphone quantity:1 sku:black totalAmount:6000 unitPrice:6000]] requestId:2024112115593634079 shipping:map[city:Toronto company:shipping company countryCode:GB firstName:lucy lastName:king phoneNumber:13388888888 postCode:Box1026 state:UK street:160-500 University street2:st2] successUrl:https://hfgj.testpnr.com/crossDemo/webHook.do]
2024/11/21 15:59:37 request.go:245: HttpPost-解析后的返回内容 = 下一行内容
2024/11/21 15:59:37 request.go:246: map[code:00000000 data:map[amount:290000 appId:10000 authCode:319337 createTime:2024-11-21T15:59:36+0800 currency:USD errorCode:00000000 id:1020241121000016 merchantOrderId:2024112115593631923 requestId:2024112115593634079 status:SUCCEED threeDS: transactionType:SALE updateTime:2024-11-21T15:59:37+0800] msg:处理成功 success:true]
2024/11/21 16:01:47 request.go:118: HttpGet-url = https://uatacquire.uprimer.com/authorize
2024/11/21 16:01:47 paymentNo3DRequest.go:90: 请求地址url= https://uatacquire.uprimer.com/api/acquire/payment/create
2024/11/21 16:01:47 request.go:200: HttpPost-url = https://uatacquire.uprimer.com/api/acquire/payment/create
2024/11/21 16:01:47 request.go:201: HttpPost-params = 下一行内容
2024/11/21 16:01:47 request.go:202: map[amount:290000 appId:10000 cancelUrl:https://hfgj.testpnr.com/crossDemo/webHook.do currency:USD descriptor:付款 deviceData:map[acceptHeader:text/html browserJavaEnabled:true browserJavascriptEnabled:true browserUserAgent:Mozilla/5.0 (Windows NT 10.0; Win64; x64) AppleWebKit/537.36 (KHTML, like Gecko) Chrome/115.0.0.0 Safari/537.36 Edg/115.0.1901.183 challengeWindow:5 language:zh-CN screenColorDepth:48 screenHeight:1200 screenWidth:1600 timezone:60] failureUrl:https://hfgj.testpnr.com/crossDemo/webHook.do merchantOrderId:2024112116014768492 notificationUrl:https://hfgj.testpnr.com/crossDemo/webHook.do orderTime:2024-11-21T08:01:47Z paymentMethod:map[card:map[billing:map[city:Toronto countryCode:GB dateOfBirth: email:xu.xg@qq.com firstName:xingguo lastName:xu phoneNumber:11144442121 postCode:12345-1233 state:UK street:160-500 University] cvv:133 expiryMonth:10 expiryYear:26 firstName:xingguo lastName:xu number:5200000000001096] methodType:CARD] products:[map[code:101110 name:iphone quantity:1 sku:black totalAmount:6000 unitPrice:6000]] requestId:2024112116014719347 shipping:map[city:Toronto company:shipping company countryCode:GB firstName:lucy lastName:king phoneNumber:13388888888 postCode:Box1026 state:UK street:160-500 University street2:st2] successUrl:https://hfgj.testpnr.com/crossDemo/webHook.do]
2024/11/21 16:01:48 request.go:245: HttpPost-解析后的返回内容 = 下一行内容
2024/11/21 16:01:48 request.go:246: map[code:00000000 data:map[amount:290000 appId:10000 authCode:162035 createTime:2024-11-21T16:01:47+0800 currency:USD errorCode:00000000 id:1020241121000019 merchantOrderId:2024112116014768492 requestId:2024112116014719347 status:SUCCEED threeDS: transactionType:SALE updateTime:2024-11-21T16:01:48+0800] msg:处理成功 success:true]
2024/11/21 16:12:44 request.go:118: HttpGet-url = https://uatacquire.uprimer.com/authorize
2024/11/21 16:12:44 queryRequest.go:19: 请求地址url= https://uatacquire.uprimer.com/api/acquire/payment/1020240726000028/get
2024/11/21 16:12:44 request.go:118: HttpGet-url = https://uatacquire.uprimer.com/api/acquire/payment/1020240726000028/get
2024/11/21 16:14:22 request.go:118: HttpGet-url = https://uatacquire.uprimer.com/authorize
2024/11/21 16:14:22 queryRequest.go:19: 请求地址url= https://uatacquire.uprimer.com/api/acquire/payment/1020240726000028/get
2024/11/21 16:14:22 request.go:118: HttpGet-url = https://uatacquire.uprimer.com/api/acquire/payment/1020240726000028/get
2024/11/21 16:21:16 request.go:118: HttpGet-url = https://uatacquire.uprimer.com/authorize
2024/11/21 16:21:16 refundRequest.go:34: 请求地址url= https://uatacquire.uprimer.com/api/acquire/payment/920240418001029/refund
2024/11/21 16:21:16 request.go:199: HttpPost-url = https://uatacquire.uprimer.com/api/acquire/payment/920240418001029/refund
2024/11/21 16:21:16 request.go:200: HttpPost-params = 下一行内容
2024/11/21 16:21:16 request.go:201: map[amount:89900 appId:10000 currency:CNY descriptor:付款 merchantOrderId:2024112108211616514 notificationUrl:https://hfgj.testpnr.com/crossDemo/webHook.do refundReason:不想要了 refundTime:2024-11-21T08:21:16Z requestId:2024112108211684344]
2024/11/21 16:21:16 request.go:244: HttpPost-解析后的返回内容 = 下一行内容
2024/11/21 16:21:16 request.go:245: map[code:01050050 data:<nil> msg:original transaction not found success:false]
2024/11/21 16:24:07 request.go:118: HttpGet-url = https://uatacquire.uprimer.com/authorize
2024/11/21 16:24:07 checkoutRequest.go:56: 请求地址url= https://uatacquire.uprimer.com/api/acquire/checkout/create
2024/11/21 16:24:07 request.go:199: HttpPost-url = https://uatacquire.uprimer.com/api/acquire/checkout/create
2024/11/21 16:24:07 request.go:200: HttpPost-params = 下一行内容
2024/11/21 16:24:07 request.go:201: map[amount:19900 appId:10000 cancelUrl:https://hfgj.testpnr.com/crossDemo/webHook.do currency:HKD failureUrl:https://hfgj.testpnr.com/crossDemo/webHook.do merchantOrderId:2024112108240754397 notificationUrl:https://hfgj.testpnr.com/crossDemo/webHook.do orderTime:2024-11-21T08:24:07Z paymentMethod:map[methodType:CARD] products:[map[code:4098755 name:High-Collar Boxy Camel Hair Blend Sweater,MUMUXI LED Fairy Lights Battery Operated String Lights [12 Pack] 7.2ft 20 Battery Powered LED Lights | Mini Lights, Centerpiece Table Decorations, Wedding Party Bedroom Mason Jar Christmas, Warm White quantity:1 sku:4098755 black unitPrice:100]] requestId:2024112108240716570 shipping:map[city:Toronto countryCode:CA firstName:XINGGUO lastName:XU phoneNumber:+8618672362337 postCode:M5G 1V7 state:ON street:160-500 University street2:] successUrl:https://hfgj.testpnr.com/crossDemo/webHook.do validityPeriod:500]
2024/11/21 16:24:07 request.go:244: HttpPost-解析后的返回内容 = 下一行内容
2024/11/21 16:24:07 request.go:245: map[code:00000000 data:map[amount:19900 appId:10000 createTime:2024-11-21T16:24:07+0800 currency:HKD id:1020241121000026 merchantOrderId:2024112108240754397 nextAction:map[actionType:REDIRECT method:GET url:https://uatcheckout.uprimer.com/payment/checkout?transactionId=1020241121000026&mac=603c80bc334882f69ecfdf5f0bbdef45&orderId=2024112108240754397] requestId:2024112108240716570 status:REQUEST_CUSTOMER_ACTION transactionType:SALE updateTime:2024-11-21T16:24:07+0800] msg:处理成功 success:true]
2024/11/21 16:24:07 payment3DChallengeRequest.go:89: 请求地址url= https://uatacquire.uprimer.com/api/acquire/payment/create
2024/11/21 16:24:07 request.go:199: HttpPost-url = https://uatacquire.uprimer.com/api/acquire/payment/create
2024/11/21 16:24:07 request.go:200: HttpPost-params = 下一行内容
2024/11/21 16:24:07 request.go:201: map[amount:290000 appId:10000 cancelUrl:https://hfgj.testpnr.com/crossDemo/webHook.do currency:HKD descriptor:付款 deviceData:map[acceptHeader:text/html browserJavaEnabled:true browserJavascriptEnabled:true browserUserAgent:Mozilla/5.0 (Windows NT 10.0; Win64; x64) AppleWebKit/537.36 (KHTML, like Gecko) Chrome/115.0.0.0 Safari/537.36 Edg/115.0.1901.183 challengeWindow:5 language:zh-CN screenColorDepth:48 screenHeight:1200 screenWidth:1600 timezone:60] failureUrl:https://hfgj.testpnr.com/crossDemo/webHook.do merchantOrderId:20241121082407671317 notificationUrl:https://hfgj.testpnr.com/crossDemo/webHook.do orderTime:2024-11-21T08:24:07Z paymentMethod:map[card:map[billing:map[city:Toronto countryCode:GB dateOfBirth: email:xu.xg@qq.com firstName:xingguo lastName:xu phoneNumber:11144442121 postCode:12345-1233 state:UK street:160-500 University] cvv:133 expiryMonth:10 expiryYear:26 firstName:xingguo lastName:xu number:5200000000001096] methodType:CARD] products:[map[code:101110 name:iphone quantity:1 sku:black totalAmount:6000 unitPrice:6000]] requestId:20241121082407671317 shipping:map[city:Toronto company:shipping company countryCode:GB firstName:lucy lastName:king phoneNumber:13388888888 postCode:Box1026 state:UK street:160-500 University street2:st2] successUrl:https://hfgj.testpnr.com/crossDemo/webHook.do]
2024/11/21 16:24:08 request.go:244: HttpPost-解析后的返回内容 = 下一行内容
2024/11/21 16:24:08 request.go:245: map[code:00000000 data:map[amount:290000 appId:10000 createTime:2024-11-21T16:24:07+0800 currency:HKD id:1020241121000027 merchantOrderId:20241121082407671317 nextAction:map[actionType:REDIRECT method:GET url:https://uatacquire.uprimer.com/api/payerAuthentication/direct?transactionId=1020241121000027&mac=1fe4c0b461e4e27255dc16a3ce38cc35] requestId:20241121082407671317 status:REQUEST_CUSTOMER_ACTION transactionType:SALE updateTime:2024-11-21T16:24:08+0800] msg:处理成功 success:true]
2024/11/21 16:24:08 payment3DFrictionlessRequest.go:90: 请求地址url= https://uatacquire.uprimer.com/api/acquire/payment/create
2024/11/21 16:24:08 request.go:199: HttpPost-url = https://uatacquire.uprimer.com/api/acquire/payment/create
2024/11/21 16:24:08 request.go:200: HttpPost-params = 下一行内容
2024/11/21 16:24:08 request.go:201: map[amount:290000 appId:10000 cancelUrl:https://hfgj.testpnr.com/crossDemo/webHook.do currency:HKD descriptor:付款 deviceData:map[acceptHeader:text/html browserJavaEnabled:true browserJavascriptEnabled:true browserUserAgent:Mozilla/5.0 (Windows NT 10.0; Win64; x64) AppleWebKit/537.36 (KHTML, like Gecko) Chrome/115.0.0.0 Safari/537.36 Edg/115.0.1901.183 challengeWindow:5 language:zh-CN screenColorDepth:48 screenHeight:1200 screenWidth:1600 timezone:60] failureUrl:https://hfgj.testpnr.com/crossDemo/webHook.do merchantOrderId:2024112116240855 notificationUrl:https://hfgj.testpnr.com/crossDemo/webHook.do orderTime:2024-11-21T08:24:08Z paymentMethod:map[card:map[billing:map[city:Toronto countryCode:GB dateOfBirth: email:xu.xg@qq.com firstName:xingguo lastName:xu phoneNumber:11144442121 postCode:12345-1233 state:UK street:160-500 University] cvv:133 expiryMonth:10 expiryYear:26 firstName:xingguo lastName:xu number:5200000000002235] methodType:CARD] products:[map[code:101110 name:iphone quantity:1 sku:black totalAmount:6000 unitPrice:6000]] requestId:2024112116240820 shipping:map[city:Toronto company:shipping company countryCode:GB firstName:lucy lastName:king phoneNumber:13388888888 postCode:Box1026 state:UK street:160-500 University street2:st2] successUrl:https://hfgj.testpnr.com/crossDemo/webHook.do]
2024/11/21 16:24:09 request.go:244: HttpPost-解析后的返回内容 = 下一行内容
2024/11/21 16:24:09 request.go:245: map[code:00000000 data:map[amount:290000 appId:10000 createTime:2024-11-21T16:24:09+0800 currency:HKD id:1020241121000028 merchantOrderId:2024112116240855 nextAction:map[actionType:REDIRECT method:GET url:https://uatacquire.uprimer.com/api/payerAuthentication/direct?transactionId=1020241121000028&mac=2cdb73684c823bb1b76ec6b516551dc4] requestId:2024112116240820 status:REQUEST_CUSTOMER_ACTION transactionType:SALE updateTime:2024-11-21T16:24:09+0800] msg:处理成功 success:true]
2024/11/21 16:24:09 paymentNo3DRequest.go:90: 请求地址url= https://uatacquire.uprimer.com/api/acquire/payment/create
2024/11/21 16:24:09 request.go:199: HttpPost-url = https://uatacquire.uprimer.com/api/acquire/payment/create
2024/11/21 16:24:09 request.go:200: HttpPost-params = 下一行内容
2024/11/21 16:24:09 request.go:201: map[amount:290000 appId:10000 cancelUrl:https://hfgj.testpnr.com/crossDemo/webHook.do currency:USD descriptor:付款 deviceData:map[acceptHeader:text/html browserJavaEnabled:true browserJavascriptEnabled:true browserUserAgent:Mozilla/5.0 (Windows NT 10.0; Win64; x64) AppleWebKit/537.36 (KHTML, like Gecko) Chrome/115.0.0.0 Safari/537.36 Edg/115.0.1901.183 challengeWindow:5 language:zh-CN screenColorDepth:48 screenHeight:1200 screenWidth:1600 timezone:60] failureUrl:https://hfgj.testpnr.com/crossDemo/webHook.do merchantOrderId:2024112116240916214 notificationUrl:https://hfgj.testpnr.com/crossDemo/webHook.do orderTime:2024-11-21T08:24:09Z paymentMethod:map[card:map[billing:map[city:Toronto countryCode:GB dateOfBirth: email:xu.xg@qq.com firstName:xingguo lastName:xu phoneNumber:11144442121 postCode:12345-1233 state:UK street:160-500 University] cvv:133 expiryMonth:10 expiryYear:26 firstName:xingguo lastName:xu number:5200000000001096] methodType:CARD] products:[map[code:101110 name:iphone quantity:1 sku:black totalAmount:6000 unitPrice:6000]] requestId:2024112116240918806 shipping:map[city:Toronto company:shipping company countryCode:GB firstName:lucy lastName:king phoneNumber:13388888888 postCode:Box1026 state:UK street:160-500 University street2:st2] successUrl:https://hfgj.testpnr.com/crossDemo/webHook.do]
2024/11/21 16:24:11 request.go:244: HttpPost-解析后的返回内容 = 下一行内容
2024/11/21 16:24:11 request.go:245: map[code:00000000 data:map[amount:290000 appId:10000 authCode:693979 createTime:2024-11-21T16:24:09+0800 currency:USD errorCode:00000000 id:1020241121000029 merchantOrderId:2024112116240916214 requestId:2024112116240918806 status:SUCCEED threeDS: transactionType:SALE updateTime:2024-11-21T16:24:11+0800] msg:处理成功 success:true]
2024/11/21 16:24:11 queryRequest.go:19: 请求地址url= https://uatacquire.uprimer.com/api/acquire/payment/1020240726000028/get
2024/11/21 16:24:11 request.go:118: HttpGet-url = https://uatacquire.uprimer.com/api/acquire/payment/1020240726000028/get
2024/11/21 16:24:11 refundRequest.go:34: 请求地址url= https://uatacquire.uprimer.com/api/acquire/payment/920240418001029/refund
2024/11/21 16:24:11 request.go:199: HttpPost-url = https://uatacquire.uprimer.com/api/acquire/payment/920240418001029/refund
2024/11/21 16:24:11 request.go:200: HttpPost-params = 下一行内容
2024/11/21 16:24:11 request.go:201: map[amount:89900 appId:10000 currency:CNY descriptor:付款 merchantOrderId:2024112108241164658 notificationUrl:https://hfgj.testpnr.com/crossDemo/webHook.do refundReason:不想要了 refundTime:2024-11-21T08:24:11Z requestId:2024112108241155460]
2024/11/21 16:24:11 request.go:244: HttpPost-解析后的返回内容 = 下一行内容
2024/11/21 16:24:11 request.go:245: map[code:01050050 data:<nil> msg:original transaction not found success:false]
