2024/12/10 14:46:52 request.go:118: HttpGet-url = https://uatacquire.uprimer.com/authorize
2024/12/10 14:46:52 checkoutRequest.go:56: 请求地址url= https://uatacquire.uprimer.com/api/acquire/checkout/create
2024/12/10 14:46:52 request.go:199: HttpPost-url = https://uatacquire.uprimer.com/api/acquire/checkout/create
2024/12/10 14:46:52 request.go:200: HttpPost-params = 下一行内容
2024/12/10 14:46:52 request.go:201: map[amount:19900 appId:10000 cancelUrl:https://hfgj.testpnr.com/crossDemo/webHook.do currency:HKD failureUrl:https://hfgj.testpnr.com/crossDemo/webHook.do merchantOrderId:2024121006465260730 notificationUrl:https://hfgj.testpnr.com/crossDemo/webHook.do orderTime:2024-12-10T06:46:52Z paymentMethod:map[methodType:CARD] products:[map[code:4098755 name:High-Collar Boxy Camel Hair Blend Sweater,MUMUXI LED Fairy Lights Battery Operated String Lights [12 Pack] 7.2ft 20 Battery Powered LED Lights | Mini Lights, Centerpiece Table Decorations, Wedding Party Bedroom Mason Jar Christmas, Warm White quantity:1 sku:4098755 black unitPrice:100]] requestId:202412100646528450 shipping:map[city:Toronto countryCode:CA firstName:XINGGUO lastName:XU phoneNumber:+8618672362337 postCode:M5G 1V7 state:ON street:160-500 University street2:] successUrl:https://hfgj.testpnr.com/crossDemo/webHook.do validityPeriod:500]
2024/12/10 14:46:53 request.go:244: HttpPost-解析后的返回内容 = 下一行内容
2024/12/10 14:46:53 request.go:245: map[code:00000000 data:map[amount:19900 appId:10000 createTime:2024-12-10T14:46:52+0800 currency:HKD id:1020241210000013 merchantOrderId:2024121006465260730 nextAction:map[actionType:REDIRECT method:GET url:https://uatcheckout.uprimer.com/payment/checkout?transactionId=1020241210000013&mac=cb81ddb6cf95ba4dff88b29cac9614c0&orderId=2024121006465260730] requestId:202412100646528450 status:REQUEST_CUSTOMER_ACTION transactionType:SALE updateTime:2024-12-10T14:46:52+0800] msg:处理成功 success:true]
2024/12/10 14:46:53 payment3DChallengeRequest.go:89: 请求地址url= https://uatacquire.uprimer.com/api/acquire/payment/create
2024/12/10 14:46:53 request.go:199: HttpPost-url = https://uatacquire.uprimer.com/api/acquire/payment/create
2024/12/10 14:46:53 request.go:200: HttpPost-params = 下一行内容
2024/12/10 14:46:53 request.go:201: map[amount:290000 appId:10000 cancelUrl:https://hfgj.testpnr.com/crossDemo/webHook.do currency:HKD descriptor:付款 deviceData:map[acceptHeader:text/html browserJavaEnabled:true browserJavascriptEnabled:true browserUserAgent:Mozilla/5.0 (Windows NT 10.0; Win64; x64) AppleWebKit/537.36 (KHTML, like Gecko) Chrome/115.0.0.0 Safari/537.36 Edg/115.0.1901.183 challengeWindow:5 language:zh-CN screenColorDepth:48 screenHeight:1200 screenWidth:1600 timezone:60] failureUrl:https://hfgj.testpnr.com/crossDemo/webHook.do merchantOrderId:20241210064653085031 notificationUrl:https://hfgj.testpnr.com/crossDemo/webHook.do orderTime:2024-12-10T06:46:53Z paymentMethod:map[card:map[billing:map[city:Toronto countryCode:GB dateOfBirth: email:xu.xg@qq.com firstName:xingguo lastName:xu phoneNumber:11144442121 postCode:12345-1233 state:UK street:160-500 University] cvv:133 expiryMonth:10 expiryYear:26 firstName:xingguo lastName:xu number:5200000000001096] methodType:CARD] products:[map[code:101110 name:iphone quantity:1 sku:black totalAmount:6000 unitPrice:6000]] requestId:20241210064653085031 shipping:map[city:Toronto company:shipping company countryCode:GB firstName:lucy lastName:king phoneNumber:13388888888 postCode:Box1026 state:UK street:160-500 University street2:st2] successUrl:https://hfgj.testpnr.com/crossDemo/webHook.do]
2024/12/10 14:46:54 request.go:244: HttpPost-解析后的返回内容 = 下一行内容
2024/12/10 14:46:54 request.go:245: map[code:00000000 data:map[amount:290000 appId:10000 createTime:2024-12-10T14:46:53+0800 currency:HKD id:1020241210000014 merchantOrderId:20241210064653085031 nextAction:map[actionType:REDIRECT method:GET url:https://uatacquire.uprimer.com/api/payerAuthentication/direct?transactionId=1020241210000014&mac=c98e91f9e3b7dfc791f90542fa50530d] requestId:20241210064653085031 status:REQUEST_CUSTOMER_ACTION transactionType:SALE updateTime:2024-12-10T14:46:54+0800] msg:处理成功 success:true]
2024/12/10 14:46:54 payment3DFrictionlessRequest.go:90: 请求地址url= https://uatacquire.uprimer.com/api/acquire/payment/create
2024/12/10 14:46:54 request.go:199: HttpPost-url = https://uatacquire.uprimer.com/api/acquire/payment/create
2024/12/10 14:46:54 request.go:200: HttpPost-params = 下一行内容
2024/12/10 14:46:54 request.go:201: map[amount:290000 appId:10000 cancelUrl:https://hfgj.testpnr.com/crossDemo/webHook.do currency:HKD descriptor:付款 deviceData:map[acceptHeader:text/html browserJavaEnabled:true browserJavascriptEnabled:true browserUserAgent:Mozilla/5.0 (Windows NT 10.0; Win64; x64) AppleWebKit/537.36 (KHTML, like Gecko) Chrome/115.0.0.0 Safari/537.36 Edg/115.0.1901.183 challengeWindow:5 language:zh-CN screenColorDepth:48 screenHeight:1200 screenWidth:1600 timezone:60] failureUrl:https://hfgj.testpnr.com/crossDemo/webHook.do merchantOrderId:2024121014465418 notificationUrl:https://hfgj.testpnr.com/crossDemo/webHook.do orderTime:2024-12-10T06:46:54Z paymentMethod:map[card:map[billing:map[city:Toronto countryCode:GB dateOfBirth: email:xu.xg@qq.com firstName:xingguo lastName:xu phoneNumber:11144442121 postCode:12345-1233 state:UK street:160-500 University] cvv:133 expiryMonth:10 expiryYear:26 firstName:xingguo lastName:xu number:5200000000002235] methodType:CARD] products:[map[code:101110 name:iphone quantity:1 sku:black totalAmount:6000 unitPrice:6000]] requestId:20241210144654966 shipping:map[city:Toronto company:shipping company countryCode:GB firstName:lucy lastName:king phoneNumber:13388888888 postCode:Box1026 state:UK street:160-500 University street2:st2] successUrl:https://hfgj.testpnr.com/crossDemo/webHook.do]
2024/12/10 14:46:55 request.go:244: HttpPost-解析后的返回内容 = 下一行内容
2024/12/10 14:46:55 request.go:245: map[code:00000000 data:map[amount:290000 appId:10000 createTime:2024-12-10T14:46:54+0800 currency:HKD id:1020241210000015 merchantOrderId:2024121014465418 nextAction:map[actionType:REDIRECT method:GET url:https://uatacquire.uprimer.com/api/payerAuthentication/direct?transactionId=1020241210000015&mac=f61f96a85bb92adb03392c7a990e8916] requestId:20241210144654966 status:REQUEST_CUSTOMER_ACTION transactionType:SALE updateTime:2024-12-10T14:46:55+0800] msg:处理成功 success:true]
2024/12/10 14:46:55 paymentNo3DRequest.go:90: 请求地址url= https://uatacquire.uprimer.com/api/acquire/payment/create
2024/12/10 14:46:55 request.go:199: HttpPost-url = https://uatacquire.uprimer.com/api/acquire/payment/create
2024/12/10 14:46:55 request.go:200: HttpPost-params = 下一行内容
2024/12/10 14:46:55 request.go:201: map[amount:290000 appId:10000 cancelUrl:https://hfgj.testpnr.com/crossDemo/webHook.do currency:USD descriptor:付款 deviceData:map[acceptHeader:text/html browserJavaEnabled:true browserJavascriptEnabled:true browserUserAgent:Mozilla/5.0 (Windows NT 10.0; Win64; x64) AppleWebKit/537.36 (KHTML, like Gecko) Chrome/115.0.0.0 Safari/537.36 Edg/115.0.1901.183 challengeWindow:5 language:zh-CN screenColorDepth:48 screenHeight:1200 screenWidth:1600 timezone:60] failureUrl:https://hfgj.testpnr.com/crossDemo/webHook.do merchantOrderId:2024121014465587044 notificationUrl:https://hfgj.testpnr.com/crossDemo/webHook.do orderTime:2024-12-10T06:46:55Z paymentMethod:map[card:map[billing:map[city:Toronto countryCode:GB dateOfBirth: email:xu.xg@qq.com firstName:xingguo lastName:xu phoneNumber:11144442121 postCode:12345-1233 state:UK street:160-500 University] cvv:133 expiryMonth:10 expiryYear:26 firstName:xingguo lastName:xu number:5200000000001096] methodType:CARD] products:[map[code:101110 name:iphone quantity:1 sku:black totalAmount:6000 unitPrice:6000]] requestId:2024121014465543309 shipping:map[city:Toronto company:shipping company countryCode:GB firstName:lucy lastName:king phoneNumber:13388888888 postCode:Box1026 state:UK street:160-500 University street2:st2] successUrl:https://hfgj.testpnr.com/crossDemo/webHook.do]
2024/12/10 14:46:56 request.go:244: HttpPost-解析后的返回内容 = 下一行内容
2024/12/10 14:46:56 request.go:245: map[code:00000000 data:map[amount:290000 appId:10000 authCode:409579 createTime:2024-12-10T14:46:55+0800 currency:USD errorCode:00000000 id:1020241210000016 merchantOrderId:2024121014465587044 requestId:2024121014465543309 status:SUCCEED threeDS: transactionType:SALE updateTime:2024-12-10T14:46:56+0800] msg:处理成功 success:true]
2024/12/10 14:46:56 queryRequest.go:19: 请求地址url= https://uatacquire.uprimer.com/api/acquire/payment/1020240726000028/get
2024/12/10 14:46:56 request.go:118: HttpGet-url = https://uatacquire.uprimer.com/api/acquire/payment/1020240726000028/get
2024/12/10 14:46:56 refundRequest.go:34: 请求地址url= https://uatacquire.uprimer.com/api/acquire/payment/920240418001029/refund
2024/12/10 14:46:56 request.go:199: HttpPost-url = https://uatacquire.uprimer.com/api/acquire/payment/920240418001029/refund
2024/12/10 14:46:56 request.go:200: HttpPost-params = 下一行内容
2024/12/10 14:46:56 request.go:201: map[amount:89900 appId:10000 currency:CNY descriptor:付款 merchantOrderId:2024121006465633829 notificationUrl:https://hfgj.testpnr.com/crossDemo/webHook.do refundReason:不想要了 refundTime:2024-12-10T06:46:56Z requestId:2024121006465654655]
2024/12/10 14:46:56 request.go:244: HttpPost-解析后的返回内容 = 下一行内容
2024/12/10 14:46:56 request.go:245: map[code:01050050 data:<nil> msg:original transaction not found success:false]
